<?xml version="1.0" encoding="UTF-8"?>
<testng-results ignored="0" total="1" passed="1" failed="0" skipped="0">
  <reporter-output>
    <line>
      <![CDATA[UserID Match TC Pass]]>
    </line>
  </reporter-output>
  <suite started-at="2022-07-12T23:30:06 IST" name="Default suite" finished-at="2022-07-12T23:30:18 IST" duration-ms="11503">
    <groups>
    </groups>
    <test started-at="2022-07-12T23:30:06 IST" name="Default test" finished-at="2022-07-12T23:30:18 IST" duration-ms="11503">
      <class name="testngpom.ValidateUserID">
        <test-method is-config="true" signature="openBrowser()[pri:0, instance:testngpom.ValidateUserID@52719fb6]" started-at="2022-07-12T23:30:06 IST" name="openBrowser" finished-at="2022-07-12T23:30:15 IST" duration-ms="8369" status="PASS">
          <reporter-output>
          </reporter-output>
        </test-method> <!-- openBrowser -->
        <test-method is-config="true" signature="loginPage()[pri:0, instance:testngpom.ValidateUserID@52719fb6]" started-at="2022-07-12T23:30:15 IST" name="loginPage" finished-at="2022-07-12T23:30:15 IST" duration-ms="527" status="PASS">
          <reporter-output>
          </reporter-output>
        </test-method> <!-- loginPage -->
        <test-method signature="validateUserID()[pri:0, instance:testngpom.ValidateUserID@52719fb6]" started-at="2022-07-12T23:30:15 IST" name="validateUserID" finished-at="2022-07-12T23:30:17 IST" duration-ms="1351" status="PASS">
          <reporter-output>
            <line>
              <![CDATA[UserID Match TC Pass]]>
            </line>
          </reporter-output>
        </test-method> <!-- validateUserID -->
        <test-method is-config="true" signature="logoutPage()[pri:0, instance:testngpom.ValidateUserID@52719fb6]" started-at="2022-07-12T23:30:17 IST" name="logoutPage" finished-at="2022-07-12T23:30:17 IST" duration-ms="819" status="PASS">
          <reporter-output>
          </reporter-output>
        </test-method> <!-- logoutPage -->
        <test-method is-config="true" signature="closeBrowser()[pri:0, instance:testngpom.ValidateUserID@52719fb6]" started-at="2022-07-12T23:30:17 IST" name="closeBrowser" finished-at="2022-07-12T23:30:18 IST" duration-ms="386" status="PASS">
          <reporter-output>
          </reporter-output>
        </test-method> <!-- closeBrowser -->
      </class> <!-- testngpom.ValidateUserID -->
    </test> <!-- Default test -->
  </suite> <!-- Default suite -->
</testng-results>
